<?xml version="1.0" encoding="UTF-8" ?>
<testsuite errors="0" failures="0" hostname="Hardik-PC" name="Testing" tests="2" time="49.511" timestamp="2014-09-08T11:23:13">
  <properties>
    <property name="java.vendor" value="Oracle Corporation" />
    <property name="env.MOZ_PLUGIN_PATH" value="C:\Program Files\Foxit Software\Foxit Reader\plugins\" />
    <property name="sun.java.launcher" value="SUN_STANDARD" />
    <property name="sun.management.compiler" value="HotSpot Client Compiler" />
    <property name="env.PROMPT" value="$P$G" />
    <property name="test.reportsDir" value="B:\Eclipse\ANT_Practice_Jenkins\Report" />
    <property name="os.name" value="Windows 7" />
    <property name="env.FP_NO_HOST_CHECK" value="NO" />
    <property name="sun.boot.class.path" value="C:\Program Files\Java\jdk1.7.0_65\jre\lib\resources.jar;C:\Program Files\Java\jdk1.7.0_65\jre\lib\rt.jar;C:\Program Files\Java\jdk1.7.0_65\jre\lib\sunrsasign.jar;C:\Program Files\Java\jdk1.7.0_65\jre\lib\jsse.jar;C:\Program Files\Java\jdk1.7.0_65\jre\lib\jce.jar;C:\Program Files\Java\jdk1.7.0_65\jre\lib\charsets.jar;C:\Program Files\Java\jdk1.7.0_65\jre\lib\jfr.jar;C:\Program Files\Java\jdk1.7.0_65\jre\classes" />
    <property name="ws.home" value="B:\Eclipse\ANT_Practice_Jenkins" />
    <property name="env.COMPUTERNAME" value="HARDIK-PC" />
    <property name="env.ALLUSERSPROFILE" value="C:\ProgramData" />
    <property name="sun.desktop" value="windows" />
    <property name="java.vm.specification.vendor" value="Oracle Corporation" />
    <property name="ant.home" value="C:\apache-ant-1.9.4" />
    <property name="java.runtime.version" value="1.7.0_65-b19" />
    <property name="env.=B:" value="B:\Eclipse\ANT_Practice_Jenkins" />
    <property name="env.HOMEPATH" value="\Users\Hardik" />
    <property name="user.name" value="Hardik" />
    <property name="user.language" value="en" />
    <property name="sun.boot.library.path" value="C:\Program Files\Java\jdk1.7.0_65\jre\bin" />
    <property name="ant.project.default-target" value="usage" />
    <property name="ant.project.name" value="Junit_Ant" />
    <property name="java.version" value="1.7.0_65" />
    <property name="env.PROCESSOR_IDENTIFIER" value="x86 Family 6 Model 23 Stepping 10, GenuineIntel" />
    <property name="user.timezone" value="" />
    <property name="env.TEMP" value="C:\Users\Hardik\AppData\Local\Temp" />
    <property name="sun.arch.data.model" value="32" />
    <property name="java.endorsed.dirs" value="C:\Program Files\Java\jdk1.7.0_65\jre\lib\endorsed" />
    <property name="env._JAVACMD" value="C:\Program Files\Java\jdk1.7.0_65\bin\java.exe" />
    <property name="sun.cpu.isalist" value="pentium_pro+mmx pentium_pro pentium+mmx pentium i486 i386 i86" />
    <property name="env.HOMEDRIVE" value="C:" />
    <property name="sun.jnu.encoding" value="Cp1252" />
    <property name="file.encoding.pkg" value="sun.io" />
    <property name="file.separator" value="\" />
    <property name="java.specification.name" value="Java Platform API Specification" />
    <property name="java.class.version" value="51.0" />
    <property name="user.country" value="US" />
    <property name="java.home" value="C:\Program Files\Java\jdk1.7.0_65\jre" />
    <property name="env.PSModulePath" value="C:\Windows\system32\WindowsPowerShell\v1.0\Modules\" />
    <property name="env.ANDROID_HOME" value="B:\adt-bundle-windows-x86-20140702\adt-bundle-windows-x86-20140702\sdk" />
    <property name="env.APPDATA" value="C:\Users\Hardik\AppData\Roaming" />
    <property name="env.PUBLIC" value="C:\Users\Public" />
    <property name="java.vm.info" value="mixed mode, sharing" />
    <property name="env.ComSpec" value="C:\Windows\system32\cmd.exe" />
    <property name="env.OS" value="Windows_NT" />
    <property name="env.CommonProgramFiles" value="C:\Program Files\Common Files" />
    <property name="ant.file" value="B:\Eclipse\ANT_Practice_Jenkins\build.xml" />
    <property name="os.version" value="6.1" />
    <property name="env._USE_CLASSPATH" value="no" />
    <property name="env.=::" value="::\" />
    <property name="env.CYGWIN" value="tty" />
    <property name="path.separator" value=";" />
    <property name="ant.file.Junit_Ant" value="B:\Eclipse\ANT_Practice_Jenkins\build.xml" />
    <property name="java.vm.version" value="24.65-b04" />
    <property name="user.variant" value="" />
    <property name="env.USERPROFILE" value="C:\Users\Hardik" />
    <property name="ant.library.dir" value="C:\apache-ant-1.9.4\lib" />
    <property name="env.JAVA_HOME" value="C:\Program Files\Java\jdk1.7.0_65" />
    <property name="java.awt.printerjob" value="sun.awt.windows.WPrinterJob" />
    <property name="env.TMP" value="C:\Users\Hardik\AppData\Local\Temp" />
    <property name="sun.io.unicode.encoding" value="UnicodeLittle" />
    <property name="awt.toolkit" value="sun.awt.windows.WToolkit" />
    <property name="user.script" value="" />
    <property name="user.home" value="C:\Users\Hardik" />
    <property name="test.dest" value="B:\Eclipse\ANT_Practice_Jenkins/build" />
    <property name="env.ProgramData" value="C:\ProgramData" />
    <property name="env.SESSIONNAME" value="Console" />
    <property name="java.specification.vendor" value="Oracle Corporation" />
    <property name="env.M2_HOME" value="C:\apache-maven-3.2.3-bin\apache-maven-3.2.3" />
    <property name="java.vendor.url" value="http://java.oracle.com/" />
    <property name="java.library.path" value="C:\Program Files\Java\jdk1.7.0_65\jre\bin;C:\Windows\Sun\Java\bin;C:\Windows\system32;C:\Windows;C:\Program Files\Java\jdk1.8.0_11\bin;C:\Program Files\Java\jdk1.7.0_65\bin;C:\apache-ant-1.9.4\bin;C:\apache-maven-3.2.3-bin\apache-maven-3.2.3\bin;B:\adt-bundle-windows-x86-20140702\adt-bundle-windows-x86-20140702\sdk\tools;B:\adt-bundle-windows-x86-20140702\adt-bundle-windows-x86-20140702\sdk\platform-tools;;." />
    <property name="env.NUMBER_OF_PROCESSORS" value="2" />
    <property name="java.vm.vendor" value="Oracle Corporation" />
    <property name="java.runtime.name" value="Java(TM) SE Runtime Environment" />
    <property name="ant.file.type.Junit_Ant" value="file" />
    <property name="ant.version" value="Apache Ant(TM) version 1.9.4 compiled on April 29 2014" />
    <property name="sun.java.command" value="org.apache.tools.ant.taskdefs.optional.junit.JUnitTestRunner Testing filtertrace=true haltOnError=false haltOnFailure=false formatter=org.apache.tools.ant.taskdefs.optional.junit.SummaryJUnitResultFormatter showoutput=false outputtoformatters=true logfailedtests=true logtestlistenerevents=false formatter=org.apache.tools.ant.taskdefs.optional.junit.XMLJUnitResultFormatter,B:\Eclipse\ANT_Practice_Jenkins\Report\TEST-Testing.xml crashfile=B:\Eclipse\ANT_Practice_Jenkins\junitvmwatcher5093233296209762049.properties propsfile=B:\Eclipse\ANT_Practice_Jenkins\junit1954627872605794309.properties" />
    <property name="java.class.path" value="B:\Eclipse\ANT_Practice_Jenkins\build;C:\Users\Hardik\Desktop\Selenium jars\SaxonLiaison.jar;C:\Users\Hardik\Desktop\Selenium jars\jxl-2.6.12.jar;C:\Users\Hardik\Desktop\Selenium jars\log4j-1.2.17.jar;C:\Users\Hardik\Desktop\Selenium jars\saxon-8.7.jar;C:\Users\Hardik\Desktop\Selenium jars\selendroid-client-0.10.0.jar;C:\Users\Hardik\Desktop\Selenium jars\selendroid-standalone-0.10.0-with-dependencies.jar;C:\Users\Hardik\Desktop\Selenium jars\selenium-server-standalone-2.42.2.jar;C:\Users\Hardik\Desktop\Selenium jars\testng-6.8.jar;C:\apache-ant-1.9.4\lib\junit-4.11.jar;C:\apache-ant-1.9.4\lib\ant-launcher.jar;C:\apache-ant-1.9.4\lib\ant.jar;C:\apache-ant-1.9.4\lib\ant-junit-1.8.4.jar;C:\apache-ant-1.9.4\lib\ant-junit4.jar" />
    <property name="ws.jars" value="C:\Users\Hardik\Desktop\Selenium jars" />
    <property name="java.vm.specification.name" value="Java Virtual Machine Specification" />
    <property name="ant.file.type" value="file" />
    <property name="env.windir" value="C:\Windows" />
    <property name="env.LOGONSERVER" value="\\HARDIK-PC" />
    <property name="java.vm.specification.version" value="1.7" />
    <property name="env.PROCESSOR_ARCHITECTURE" value="x86" />
    <property name="sun.os.patch.level" value="Service Pack 1" />
    <property name="sun.cpu.endian" value="little" />
    <property name="env.ANT_HOME" value="C:\apache-ant-1.9.4" />
    <property name="env.ProgramFiles" value="C:\Program Files" />
    <property name="java.io.tmpdir" value="C:\Users\Hardik\AppData\Local\Temp\" />
    <property name="env.PROCESSOR_REVISION" value="170a" />
    <property name="test.src" value="B:\Eclipse\ANT_Practice_Jenkins/src" />
    <property name="java.vendor.url.bug" value="http://bugreport.sun.com/bugreport/" />
    <property name="env.SystemRoot" value="C:\Windows" />
    <property name="java.awt.graphicsenv" value="sun.awt.Win32GraphicsEnvironment" />
    <property name="os.arch" value="x86" />
    <property name="env.ANT_CMD_LINE_ARGS" value=" run" />
    <property name="java.ext.dirs" value="C:\Program Files\Java\jdk1.7.0_65\jre\lib\ext;C:\Windows\Sun\Java\lib\ext" />
    <property name="env.LOCALAPPDATA" value="C:\Users\Hardik\AppData\Local" />
    <property name="user.dir" value="B:\Eclipse\ANT_Practice_Jenkins" />
    <property name="line.separator" value="&#xd;&#xa;" />
    <property name="java.vm.name" value="Java HotSpot(TM) Client VM" />
    <property name="env.PATHEXT" value=".COM;.EXE;.BAT;.CMD;.VBS;.VBE;.JS;.JSE;.WSF;.WSH;.MSC" />
    <property name="env.Path" value="C:\Program Files\Java\jdk1.8.0_11\bin;C:\Program Files\Java\jdk1.7.0_65\bin;C:\apache-ant-1.9.4\bin;C:\apache-maven-3.2.3-bin\apache-maven-3.2.3\bin;B:\adt-bundle-windows-x86-20140702\adt-bundle-windows-x86-20140702\sdk\tools;B:\adt-bundle-windows-x86-20140702\adt-bundle-windows-x86-20140702\sdk\platform-tools;" />
    <property name="basedir" value="B:\Eclipse\ANT_Practice_Jenkins" />
    <property name="ant.java.version" value="1.7" />
    <property name="ant.core.lib" value="C:\apache-ant-1.9.4\lib\ant.jar" />
    <property name="env.USERNAME" value="Hardik" />
    <property name="env.SystemDrive" value="C:" />
    <property name="file.encoding" value="Cp1252" />
    <property name="env.USERDOMAIN" value="Hardik-PC" />
    <property name="java.specification.version" value="1.7" />
    <property name="env.=C:" value="C:\Users\Hardik" />
    <property name="ant.project.invoked-targets" value="run" />
    <property name="env.PROCESSOR_LEVEL" value="6" />
  </properties>
  <testcase classname="Testing" name="Yahoo" time="26.635" />
  <testcase classname="Testing" name="Google" time="22.677" />
  <system-out><![CDATA[Yahoo India
Google
]]></system-out>
  <system-err><![CDATA[log4j:WARN No appenders could be found for logger (org.apache.http.impl.conn.tsccm.ThreadSafeClientConnManager).
log4j:WARN Please initialize the log4j system properly.
log4j:WARN See http://logging.apache.org/log4j/1.2/faq.html#noconfig for more info.
]]></system-err>
</testsuite>
