<?xml version="1.0" encoding="UTF-8"?>
<!-- Generated by org.testng.reporters.JUnitReportReporter -->
<testsuite hostname="Hardik-PC" name="Testing" tests="2" failures="0" timestamp="9 Sep 2014 11:33:02 GMT" time="126.762" errors="0">
  <testcase name="Yahoo" time="111.876" classname="Testing"/>
  <testcase name="Google" time="14.886" classname="Testing"/>
</testsuite> <!-- Testing -->
